# JRE version: OpenJDK Runtime Environment (8.0_152-b02) (build 1.8.0_152-release-1024-b02)
# Java VM: OpenJDK 64-Bit Server VM (25.152-b02 mixed mode windows-amd64 compressed oops)
Heap:
 PSYoungGen      total 71680K, used 70323K [0x00000000e0000000, 0x00000000e6d80000, 0x0000000100000000)
  eden space 55808K, 97% used [0x00000000e0000000,0x00000000e353ff58,0x00000000e3680000)
  from space 15872K, 99% used [0x00000000e3680000,0x00000000e45ecf78,0x00000000e4600000)
  to   space 18432K, 0% used [0x00000000e5b80000,0x00000000e5b80000,0x00000000e6d80000)
 ParOldGen       total 127488K, used 23418K [0x00000000a0000000, 0x00000000a7c80000, 0x00000000e0000000)
  object space 127488K, 18% used [0x00000000a0000000,0x00000000a16de8b8,0x00000000a7c80000)
 Metaspace       used 42410K, capacity 43152K, committed 43432K, reserved 1087488K
  class space    used 5320K, capacity 5512K, committed 5552K, reserved 1048576K
GC Heap History (10 events):
Event: 1.733 GC heap before
{Heap before GC invocations=6 (full 2):
 PSYoungGen      total 38400K, used 33280K [0x00000000e0000000, 0x00000000e4b00000, 0x0000000100000000)
  eden space 33280K, 100% used [0x00000000e0000000,0x00000000e2080000,0x00000000e2080000)
  from space 5120K, 0% used [0x00000000e2080000,0x00000000e2080000,0x00000000e2580000)
  to   space 5120K, 0% used [0x00000000e4600000,0x00000000e4600000,0x00000000e4b00000)
 ParOldGen       total 70656K, used 10214K [0x00000000a0000000, 0x00000000a4500000, 0x00000000e0000000)
  object space 70656K, 14% used [0x00000000a0000000,0x00000000a09f9910,0x00000000a4500000)
 Metaspace       used 25039K, capacity 25536K, committed 25904K, reserved 1071104K
  class space    used 3178K, capacity 3314K, committed 3376K, reserved 1048576K
Event: 1.739 GC heap after
Heap after GC invocations=6 (full 2):
 PSYoungGen      total 50176K, used 5098K [0x00000000e0000000, 0x00000000e4b00000, 0x0000000100000000)
  eden space 45056K, 0% used [0x00000000e0000000,0x00000000e0000000,0x00000000e2c00000)
  from space 5120K, 99% used [0x00000000e4600000,0x00000000e4afab58,0x00000000e4b00000)
  to   space 5120K, 0% used [0x00000000e4100000,0x00000000e4100000,0x00000000e4600000)
 ParOldGen       total 70656K, used 12461K [0x00000000a0000000, 0x00000000a4500000, 0x00000000e0000000)
  object space 70656K, 17% used [0x00000000a0000000,0x00000000a0c2b5d8,0x00000000a4500000)
 Metaspace       used 25039K, capacity 25536K, committed 25904K, reserved 1071104K
  class space    used 3178K, capacity 3314K, committed 3376K, reserved 1048576K
}
Event: 2.221 GC heap before
{Heap before GC invocations=7 (full 2):
 PSYoungGen      total 50176K, used 50154K [0x00000000e0000000, 0x00000000e4b00000, 0x0000000100000000)
  eden space 45056K, 100% used [0x00000000e0000000,0x00000000e2c00000,0x00000000e2c00000)
  from space 5120K, 99% used [0x00000000e4600000,0x00000000e4afab58,0x00000000e4b00000)
  to   space 5120K, 0% used [0x00000000e4100000,0x00000000e4100000,0x00000000e4600000)
 ParOldGen       total 70656K, used 12461K [0x00000000a0000000, 0x00000000a4500000, 0x00000000e0000000)
  object space 70656K, 17% used [0x00000000a0000000,0x00000000a0c2b5d8,0x00000000a4500000)
 Metaspace       used 33200K, capacity 33696K, committed 34096K, reserved 1079296K
  class space    used 4208K, capacity 4320K, committed 4400K, reserved 1048576K
Event: 2.231 GC heap after
Heap after GC invocations=7 (full 2):
 PSYoungGen      total 67072K, used 5115K [0x00000000e0000000, 0x00000000e4680000, 0x0000000100000000)
  eden space 61952K, 0% used [0x00000000e0000000,0x00000000e0000000,0x00000000e3c80000)
  from space 5120K, 99% used [0x00000000e4100000,0x00000000e45fec50,0x00000000e4600000)
  to   space 512K, 0% used [0x00000000e4600000,0x00000000e4600000,0x00000000e4680000)
 ParOldGen       total 70656K, used 23811K [0x00000000a0000000, 0x00000000a4500000, 0x00000000e0000000)
  object space 70656K, 33% used [0x00000000a0000000,0x00000000a1740d08,0x00000000a4500000)
 Metaspace       used 33200K, capacity 33696K, committed 34096K, reserved 1079296K
  class space    used 4208K, capacity 4320K, committed 4400K, reserved 1048576K
}
Event: 2.349 GC heap before
{Heap before GC invocations=8 (full 2):
 PSYoungGen      total 67072K, used 16057K [0x00000000e0000000, 0x00000000e4680000, 0x0000000100000000)
  eden space 61952K, 17% used [0x00000000e0000000,0x00000000e0aafb60,0x00000000e3c80000)
  from space 5120K, 99% used [0x00000000e4100000,0x00000000e45fec50,0x00000000e4600000)
  to   space 512K, 0% used [0x00000000e4600000,0x00000000e4600000,0x00000000e4680000)
 ParOldGen       total 70656K, used 23811K [0x00000000a0000000, 0x00000000a4500000, 0x00000000e0000000)
  object space 70656K, 33% used [0x00000000a0000000,0x00000000a1740d08,0x00000000a4500000)
 Metaspace       used 34692K, capacity 35218K, committed 35496K, reserved 1081344K
  class space    used 4378K, capacity 4497K, committed 4528K, reserved 1048576K
Event: 2.355 GC heap after
Heap after GC invocations=8 (full 2):
 PSYoungGen      total 56320K, used 480K [0x00000000e0000000, 0x00000000e7880000, 0x0000000100000000)
  eden space 55808K, 0% used [0x00000000e0000000,0x00000000e0000000,0x00000000e3680000)
  from space 512K, 93% used [0x00000000e4600000,0x00000000e4678010,0x00000000e4680000)
  to   space 15872K, 0% used [0x00000000e3680000,0x00000000e3680000,0x00000000e4600000)
 ParOldGen       total 70656K, used 30710K [0x00000000a0000000, 0x00000000a4500000, 0x00000000e0000000)
  object space 70656K, 43% used [0x00000000a0000000,0x00000000a1dfd8f8,0x00000000a4500000)
 Metaspace       used 34692K, capacity 35218K, committed 35496K, reserved 1081344K
  class space    used 4378K, capacity 4497K, committed 4528K, reserved 1048576K
}
Event: 2.355 GC heap before
{Heap before GC invocations=9 (full 3):
 PSYoungGen      total 56320K, used 480K [0x00000000e0000000, 0x00000000e7880000, 0x0000000100000000)
  eden space 55808K, 0% used [0x00000000e0000000,0x00000000e0000000,0x00000000e3680000)
  from space 512K, 93% used [0x00000000e4600000,0x00000000e4678010,0x00000000e4680000)
  to   space 15872K, 0% used [0x00000000e3680000,0x00000000e3680000,0x00000000e4600000)
 ParOldGen       total 70656K, used 30710K [0x00000000a0000000, 0x00000000a4500000, 0x00000000e0000000)
  object space 70656K, 43% used [0x00000000a0000000,0x00000000a1dfd8f8,0x00000000a4500000)
 Metaspace       used 34692K, capacity 35218K, committed 35496K, reserved 1081344K
  class space    used 4378K, capacity 4497K, committed 4528K, reserved 1048576K
Event: 2.436 GC heap after
Heap after GC invocations=9 (full 3):
 PSYoungGen      total 56320K, used 0K [0x00000000e0000000, 0x00000000e7880000, 0x0000000100000000)
  eden space 55808K, 0% used [0x00000000e0000000,0x00000000e0000000,0x00000000e3680000)
  from space 512K, 0% used [0x00000000e4600000,0x00000000e4600000,0x00000000e4680000)
  to   space 15872K, 0% used [0x00000000e3680000,0x00000000e3680000,0x00000000e4600000)
 ParOldGen       total 127488K, used 23410K [0x00000000a0000000, 0x00000000a7c80000, 0x00000000e0000000)
  object space 127488K, 18% used [0x00000000a0000000,0x00000000a16dc8b8,0x00000000a7c80000)
 Metaspace       used 34692K, capacity 35218K, committed 35496K, reserved 1081344K
  class space    used 4378K, capacity 4497K, committed 4528K, reserved 1048576K
}
Event: 2.894 GC heap before
{Heap before GC invocations=10 (full 3):
 PSYoungGen      total 56320K, used 55808K [0x00000000e0000000, 0x00000000e7880000, 0x0000000100000000)
  eden space 55808K, 100% used [0x00000000e0000000,0x00000000e3680000,0x00000000e3680000)
  from space 512K, 0% used [0x00000000e4600000,0x00000000e4600000,0x00000000e4680000)
  to   space 15872K, 0% used [0x00000000e3680000,0x00000000e3680000,0x00000000e4600000)
 ParOldGen       total 127488K, used 23410K [0x00000000a0000000, 0x00000000a7c80000, 0x00000000e0000000)
  object space 127488K, 18% used [0x00000000a0000000,0x00000000a16dc8b8,0x00000000a7c80000)
 Metaspace       used 38323K, capacity 38888K, committed 39336K, reserved 1083392K
  class space    used 4786K, capacity 4926K, committed 5040K, reserved 1048576K
Event: 2.914 GC heap after
Heap after GC invocations=10 (full 3):
 PSYoungGen      total 71680K, used 15795K [0x00000000e0000000, 0x00000000e6d80000, 0x0000000100000000)
  eden space 55808K, 0% used [0x00000000e0000000,0x00000000e0000000,0x00000000e3680000)
  from space 15872K, 99% used [0x00000000e3680000,0x00000000e45ecf78,0x00000000e4600000)
  to   space 18432K, 0% used [0x00000000e5b80000,0x00000000e5b80000,0x00000000e6d80000)
 ParOldGen       total 127488K, used 23418K [0x00000000a0000000, 0x00000000a7c80000, 0x00000000e0000000)
  object space 127488K, 18% used [0x00000000a0000000,0x00000000a16de8b8,0x00000000a7c80000)
 Metaspace       used 38323K, capacity 38888K, committed 39336K, reserved 1083392K
  class space    used 4786K, capacity 4926K, committed 5040K, reserved 1048576K
}

